<?xml version="1.0" encoding="UTF-8"?>
<!-- Generated by org.testng.reporters.JUnitReportReporter -->
<testsuite skipped="0" hostname="DESKTOP-S8J8GPP" name="Test.classby" tests="1" failures="0" timestamp="31 Dec 2019 13:53:29 GMT" time="163.287" errors="0">
  <testcase name="classbymethod" time="163.287" classname="Test.classby"/>
</testsuite> <!-- Test.classby -->
