<?xml version="1.0" encoding="UTF-8"?>
<!-- Generated by org.testng.reporters.JUnitReportReporter -->
<testsuite skipped="0" hostname="DESKTOP-S8J8GPP" name="Locators" tests="1" failures="0" timestamp="18 Dec 2019 18:25:58 GMT" time="38.075" errors="0">
  <testcase name="idLocator" time="38.075" classname="Locators"/>
</testsuite> <!-- Locators -->
