<?xml version="1.0" encoding="UTF-8"?>
<!-- Generated by org.testng.reporters.JUnitReportReporter -->
<testsuite skipped="0" hostname="DESKTOP-S8J8GPP" name="Flipkart_Serach" tests="1" failures="0" timestamp="24 Dec 2019 19:34:24 GMT" time="79.035" errors="0">
  <testcase name="MobilePrice" time="79.035" classname="Flipkart_Serach"/>
</testsuite> <!-- Flipkart_Serach -->
