<?xml version="1.0" encoding="UTF-8"?>
<!-- Generated by org.testng.reporters.JUnitReportReporter -->
<testsuite skipped="0" hostname="DESKTOP-S8J8GPP" name="easyselenium" tests="1" failures="0" timestamp="23 Dec 2019 12:04:18 GMT" time="85.642" errors="0">
  <testcase name="allMenuLinksname" time="85.642" classname="easyselenium"/>
</testsuite> <!-- easyselenium -->
