<?xml version="1.0" encoding="UTF-8"?>
<!-- Generated by org.testng.reporters.JUnitReportReporter -->
<testsuite skipped="0" hostname="DESKTOP-S8J8GPP" name="classby" tests="1" failures="0" timestamp="27 Dec 2019 11:45:22 GMT" time="75.838" errors="0">
  <testcase name="classbymethod" time="75.838" classname="classby"/>
</testsuite> <!-- classby -->
