<?xml version="1.0" encoding="UTF-8"?>
<!-- Generated by org.testng.reporters.JUnitReportReporter -->
<testsuite skipped="0" hostname="DESKTOP-S8J8GPP" name="GoogelSerchFiled" tests="1" failures="0" timestamp="10 Dec 2019 12:02:55 GMT" time="22.383" errors="0">
  <testcase name="googleSerch" time="22.383" classname="GoogelSerchFiled"/>
</testsuite> <!-- GoogelSerchFiled -->
