<?xml version="1.0" encoding="UTF-8"?>
<!-- Generated by org.testng.reporters.JUnitReportReporter -->
<testsuite skipped="0" hostname="DESKTOP-S8J8GPP" name="DateAndTimePicker" tests="1" failures="0" timestamp="27 Dec 2019 09:07:26 GMT" time="70.715" errors="0">
  <testcase name="testDAtePicker" time="70.715" classname="DateAndTimePicker"/>
</testsuite> <!-- DateAndTimePicker -->
