<?xml version="1.0" encoding="UTF-8"?>
<!-- Generated by org.testng.reporters.JUnitReportReporter -->
<testsuite skipped="0" hostname="DESKTOP-S8J8GPP" name="windowhandel" tests="1" failures="0" timestamp="25 Dec 2019 04:12:18 GMT" time="26.343" errors="0">
  <testcase name="windowhandel" time="26.343" classname="windowhandel"/>
</testsuite> <!-- windowhandel -->
