<?xml version="1.0" encoding="UTF-8"?>
<!-- Generated by org.testng.reporters.JUnitReportReporter -->
<testsuite skipped="0" hostname="DESKTOP-S8J8GPP" name="ElementsOfDriver" tests="1" failures="0" timestamp="14 Dec 2019 09:09:37 GMT" time="41.408" errors="0">
  <testcase name="elemetOfDriver" time="41.408" classname="ElementsOfDriver"/>
</testsuite> <!-- ElementsOfDriver -->
