<?xml version="1.0" encoding="UTF-8"?>
<!-- Generated by org.testng.reporters.JUnitReportReporter -->
<testsuite skipped="0" hostname="DESKTOP-S8J8GPP" name="ReadFileWebToExcel" tests="1" failures="0" timestamp="26 Dec 2019 18:40:40 GMT" time="68.046" errors="0">
  <testcase name="filpcart" time="68.046" classname="ReadFileWebToExcel"/>
</testsuite> <!-- ReadFileWebToExcel -->
