<?xml version="1.0" encoding="UTF-8"?>
<!-- Generated by org.testng.reporters.JUnitReportReporter -->
<testsuite skipped="0" hostname="DESKTOP-S8J8GPP" name="NavigationCommands" tests="1" failures="0" timestamp="11 Dec 2019 08:17:38 GMT" time="92.944" errors="0">
  <testcase name="navigate" time="92.944" classname="NavigationCommands"/>
</testsuite> <!-- NavigationCommands -->
