<?xml version="1.0" encoding="UTF-8"?>
<!-- Generated by org.testng.reporters.JUnitReportReporter -->
<testsuite skipped="0" hostname="DESKTOP-S8J8GPP" name="Test.DateAndTimePicker" tests="1" failures="0" timestamp="31 Dec 2019 13:53:29 GMT" time="67.631" errors="0">
  <testcase name="testDAtePicker" time="67.631" classname="Test.DateAndTimePicker"/>
</testsuite> <!-- Test.DateAndTimePicker -->
