<?xml version="1.0" encoding="UTF-8"?>
<!-- Generated by org.testng.reporters.JUnitReportReporter -->
<testsuite skipped="0" hostname="DESKTOP-S8J8GPP" name="Test.Flipkart_Serach" tests="1" failures="0" timestamp="31 Dec 2019 13:53:29 GMT" time="427.673" errors="0">
  <testcase name="MobilePrice" time="427.673" classname="Test.Flipkart_Serach"/>
</testsuite> <!-- Test.Flipkart_Serach -->
