<?xml version="1.0" encoding="UTF-8"?>
<!-- Generated by org.testng.reporters.JUnitReportReporter -->
<testsuite skipped="0" hostname="DESKTOP-S8J8GPP" name="GoogleTest" tests="1" failures="0" timestamp="23 Dec 2019 18:12:10 GMT" time="133.519" errors="0">
  <testcase name="googleSerch" time="133.519" classname="GoogleTest"/>
</testsuite> <!-- GoogleTest -->
